<?xml version="1.0" encoding="UTF-8"?>
<!-- Generated by org.testng.reporters.JUnitXMLReporter -->
<testsuite ignored="0" hostname="Sonalis-MBP.fritz.box" failures="0" tests="4" name="Default test" time="29.663" errors="0" timestamp="2020-03-12T15:06:59 CET">
  <testcase classname="com.qa.Tests.Checkout" name="proceedToCheckoutTest" time="14.798"/>
  <testcase classname="com.qa.Tests.Checkout" name="paymentTest" time="3.036"/>
  <testcase classname="com.qa.Tests.Checkout" name="verifyOrderConfirmPageTitleTest" time="0.047"/>
  <testcase classname="com.qa.Tests.Checkout" name="verifyLastPageOfOrder" time="0.018"/>
</testsuite> <!-- Default test -->
