<?xml version="1.0" encoding="UTF-8"?>
<!-- Generated by org.testng.reporters.JUnitXMLReporter -->
<testsuite ignored="1" hostname="Sonalis-MBP.fritz.box" failures="0" tests="1" name="Parallel Automation Test-firefox" time="8.905" errors="0" timestamp="2020-03-11T18:21:59 CET">
  <testcase classname="com.qa.Tests.LogIn" name="verifyHomePageTitleTest" time="1.062"/>
  <testcase classname="com.qa.Tests.LogIn" name="clickSignInTest" time="0.0">
    <ignored/>
  </testcase> <!-- clickSignInTest -->
</testsuite> <!-- Parallel Automation Test-firefox -->
