<?xml version="1.0" encoding="UTF-8"?>
<!-- Generated by org.testng.reporters.JUnitXMLReporter -->
<testsuite ignored="0" hostname="Sonalis-MBP.fritz.box" failures="0" tests="11" name="AutomationTest" time="128.799" errors="0" timestamp="2020-03-11T20:05:33 CET">
  <testcase classname="com.qa.Tests.SignIn" name="verifyHomePageTitleTest" time="0.249"/>
  <testcase classname="com.qa.Tests.SignIn" name="clickSignInTest" time="1.069"/>
  <testcase classname="com.qa.Tests.SignIn" name="verifyAccountPageTitleTest" time="0.932"/>
  <testcase classname="com.qa.Tests.SignIn" name="createAccountTest" time="1.656"/>
  <testcase classname="com.qa.Tests.SignIn" name="createNewAccountTest" time="10.154"/>
  <testcase classname="com.qa.Tests.LogIn" name="verifyHomePageTitleTest" time="0.02"/>
  <testcase classname="com.qa.Tests.LogIn" name="clickSignInTest" time="0.932"/>
  <testcase classname="com.qa.Tests.LogIn" name="loginAppTest" time="3.448"/>
  <testcase classname="com.qa.Tests.Checkout" name="selectAndCheckoutTest" time="14.301"/>
  <testcase classname="com.qa.Tests.Checkout" name="proceedToCheckoutTest" time="15.246"/>
  <testcase classname="com.qa.Tests.Checkout" name="paymentTest" time="17.983"/>
</testsuite> <!-- AutomationTest -->
