<?xml version="1.0" encoding="UTF-8"?>
<testng-results ignored="0" total="4" passed="4" failed="0" skipped="0">
  <reporter-output>
  </reporter-output>
  <suite started-at="2020-03-12T15:06:30 CET" name="Default suite" finished-at="2020-03-12T15:06:59 CET" duration-ms="29663">
    <groups>
    </groups>
    <test started-at="2020-03-12T15:06:30 CET" name="Default test" finished-at="2020-03-12T15:06:59 CET" duration-ms="29663">
      <class name="com.qa.Tests.Checkout">
        <test-method is-config="true" signature="setUp()[pri:0, instance:com.qa.Tests.Checkout@69e1dd28]" started-at="2020-03-12T15:06:30 CET" name="setUp" finished-at="2020-03-12T15:06:41 CET" duration-ms="11483" status="PASS">
          <reporter-output>
          </reporter-output>
        </test-method> <!-- setUp -->
        <test-method signature="proceedToCheckoutTest()[pri:1, instance:com.qa.Tests.Checkout@69e1dd28]" started-at="2020-03-12T15:06:41 CET" name="proceedToCheckoutTest" finished-at="2020-03-12T15:06:56 CET" duration-ms="14798" status="PASS">
          <reporter-output>
          </reporter-output>
        </test-method> <!-- proceedToCheckoutTest -->
        <test-method signature="paymentTest()[pri:2, instance:com.qa.Tests.Checkout@69e1dd28]" started-at="2020-03-12T15:06:56 CET" name="paymentTest" finished-at="2020-03-12T15:06:59 CET" duration-ms="3036" status="PASS">
          <reporter-output>
          </reporter-output>
        </test-method> <!-- paymentTest -->
        <test-method signature="verifyOrderConfirmPageTitleTest()[pri:3, instance:com.qa.Tests.Checkout@69e1dd28]" started-at="2020-03-12T15:06:59 CET" name="verifyOrderConfirmPageTitleTest" finished-at="2020-03-12T15:06:59 CET" duration-ms="47" status="PASS">
          <reporter-output>
          </reporter-output>
        </test-method> <!-- verifyOrderConfirmPageTitleTest -->
        <test-method signature="verifyLastPageOfOrder()[pri:4, instance:com.qa.Tests.Checkout@69e1dd28]" started-at="2020-03-12T15:06:59 CET" name="verifyLastPageOfOrder" finished-at="2020-03-12T15:06:59 CET" duration-ms="18" status="PASS">
          <reporter-output>
          </reporter-output>
        </test-method> <!-- verifyLastPageOfOrder -->
        <test-method is-config="true" signature="tearDown()[pri:0, instance:com.qa.Tests.Checkout@69e1dd28]" started-at="2020-03-12T15:06:59 CET" name="tearDown" finished-at="2020-03-12T15:06:59 CET" duration-ms="203" status="PASS">
          <reporter-output>
          </reporter-output>
        </test-method> <!-- tearDown -->
      </class> <!-- com.qa.Tests.Checkout -->
    </test> <!-- Default test -->
  </suite> <!-- Default suite -->
</testng-results>
